<?xml version="1.0" encoding="UTF-8"?>
<!-- Generated by org.testng.reporters.JUnitReportReporter -->
<testsuite skipped="0" hostname="LAPTOP-AAKS8C7V" name="appTests.AppTest" tests="2" failures="0" timestamp="13 Oct 2021 07:30:24 GMT" time="0.022" errors="0">
  <testcase name="invalidLoginTest" time="0.020" classname="appTests.AppTest"/>
  <testcase name="validLoginTest" time="0.002" classname="appTests.AppTest"/>
</testsuite> <!-- appTests.AppTest -->
