<?xml version="1.0" encoding="UTF-8"?>
<!-- Generated by org.testng.reporters.JUnitReportReporter -->
<testsuite skipped="0" hostname="LAPTOP-AAKS8C7V" name="appTests.SeleniumDev" tests="1" failures="0" timestamp="13 Oct 2021 09:44:19 GMT" time="1.837" errors="0">
  <testcase name="titleTest" time="1.837" classname="appTests.SeleniumDev"/>
</testsuite> <!-- appTests.SeleniumDev -->
