<?xml version="1.0" encoding="UTF-8"?>
<!-- Generated by org.testng.reporters.JUnitReportReporter -->
<testsuite skipped="0" hostname="LAPTOP-AAKS8C7V" name="appTests.AppTest" tests="2" failures="0" timestamp="13 Oct 2021 09:44:19 GMT" time="0.019" errors="0">
  <testcase name="invalidLoginTest" time="0.019" classname="appTests.AppTest"/>
  <testcase name="validLoginTest" time="0.000" classname="appTests.AppTest"/>
</testsuite> <!-- appTests.AppTest -->
