<?xml version="1.0" encoding="UTF-8"?>
<!-- Generated by org.testng.reporters.JUnitReportReporter -->
<testsuite hostname="LAPTOP-AAKS8C7V" failures="0" tests="1" name="appTests.NumberComparision" time="0.001" errors="0" timestamp="13 Oct 2021 11:56:42 GMT" skipped="0">
  <testcase classname="appTests.NumberComparision" name="intComparision" time="0.001"/>
</testsuite> <!-- appTests.NumberComparision -->
