<?xml version="1.0" encoding="UTF-8"?>
<!-- Generated by org.testng.reporters.JUnitReportReporter -->
<testsuite hostname="LAPTOP-AAKS8C7V" failures="0" tests="2" name="appTests.AppTest" time="0.016" errors="0" timestamp="13 Oct 2021 11:56:42 GMT" skipped="0">
  <testcase classname="appTests.AppTest" name="validLoginTest" time="0.000"/>
  <testcase classname="appTests.AppTest" name="invalidLoginTest" time="0.016"/>
</testsuite> <!-- appTests.AppTest -->
